{"name": "Login with an invalid username and password", "status": "broken", "statusDetails": {"message": "selenium.common.exceptions.NoSuchElementException: Message: no such element: Unable to locate element: {\"method\":\"xpath\",\"selector\":\"//input[@placeholder='Email address']\"}\n  (Session info: chrome=131.0.6778.265); For documentation on this error, please visit: https://www.selenium.dev/documentation/webdriver/troubleshooting/errors#no-such-element-exception\nStacktrace:\n\tGetHandleVerifier [0x00007FF6651980D5+2992373]\n\t(No symbol) [0x00007FF664E2BFD0]\n\t(No symbol) [0x00007FF664CC590A]\n\t(No symbol) [0x00007FF664D1926E]\n\t(No symbol) [0x00007FF664D1955C]\n\t(No symbol) [0x00007FF664D627D7]\n\t(No symbol) [0x00007FF664D3F3AF]\n\t(No symbol) [0x00007FF664D5F584]\n\t(No symbol) [0x00007FF664D3F113]\n\t(No symbol) [0x00007FF664D0A918]\n\t(No symbol) [0x00007FF664D0BA81]\n\tGetHandleVerifier [0x00007FF6651F6A2D+3379789]\n\tGetHandleVerifier [0x00007FF66520C32D+3468109]\n\tGetHandleVerifier [0x00007FF665200043+3418211]\n\tGetHandleVerifier [0x00007FF664F8C78B+847787]\n\t(No symbol) [0x00007FF664E3757F]\n\t(No symbol) [0x00007FF664E32FC4]\n\t(No symbol) [0x00007FF664E3315D]\n\t(No symbol) [0x00007FF664E22979]\n\tBaseThreadInitThunk [0x00007FFE21F9E8D7+23]\n\tRtlUserThreadStart [0x00007FFE2407FBCC+44]\n\n", "trace": "  File \"C:\\Users\\syedt\\AppData\\Local\\Programs\\Python\\Python313\\Lib\\site-packages\\behave\\model.py\", line 1329, in run\n    match.run(runner.context)\n    ~~~~~~~~~^^^^^^^^^^^^^^^^\n  File \"C:\\Users\\syedt\\AppData\\Local\\Programs\\Python\\Python313\\Lib\\site-packages\\behave\\matchers.py\", line 98, in run\n    self.func(context, *args, **kwargs)\n    ~~~~~~~~~^^^^^^^^^^^^^^^^^^^^^^^^^^\n  File \"steps\\AdminLogin_Steps.py\", line 32, in step_impl\n    context.driver.find_element(By.XPATH, LOGIN_SCREEN_USERNAME_XPATH).send_keys(\"Invalid_Username\")\n    ~~~~~~~~~~~~~~~~~~~~~~~~~~~^^^^^^^^^^^^^^^^^^^^^^^^^^^^^^^^^^^^^^^\n  File \"C:\\Users\\syedt\\AppData\\Local\\Programs\\Python\\Python313\\Lib\\site-packages\\selenium\\webdriver\\remote\\webdriver.py\", line 770, in find_element\n    return self.execute(Command.FIND_ELEMENT, {\"using\": by, \"value\": value})[\"value\"]\n           ~~~~~~~~~~~~^^^^^^^^^^^^^^^^^^^^^^^^^^^^^^^^^^^^^^^^^^^^^^^^^^^^^\n  File \"C:\\Users\\syedt\\AppData\\Local\\Programs\\Python\\Python313\\Lib\\site-packages\\selenium\\webdriver\\remote\\webdriver.py\", line 384, in execute\n    self.error_handler.check_response(response)\n    ~~~~~~~~~~~~~~~~~~~~~~~~~~~~~~~~~^^^^^^^^^^\n  File \"C:\\Users\\syedt\\AppData\\Local\\Programs\\Python\\Python313\\Lib\\site-packages\\selenium\\webdriver\\remote\\errorhandler.py\", line 232, in check_response\n    raise exception_class(message, screen, stacktrace)\n"}, "steps": [{"name": "Given I lunched the TNA Login Page", "status": "passed", "start": 1737249267879, "stop": 1737249271406}, {"name": "Given Enter the invalid username and password", "status": "broken", "statusDetails": {"message": "selenium.common.exceptions.NoSuchElementException: Message: no such element: Unable to locate element: {\"method\":\"xpath\",\"selector\":\"//input[@placeholder='Email address']\"}\n  (Session info: chrome=131.0.6778.265); For documentation on this error, please visit: https://www.selenium.dev/documentation/webdriver/troubleshooting/errors#no-such-element-exception\nStacktrace:\n\tGetHandleVerifier [0x00007FF6651980D5+2992373]\n\t(No symbol) [0x00007FF664E2BFD0]\n\t(No symbol) [0x00007FF664CC590A]\n\t(No symbol) [0x00007FF664D1926E]\n\t(No symbol) [0x00007FF664D1955C]\n\t(No symbol) [0x00007FF664D627D7]\n\t(No symbol) [0x00007FF664D3F3AF]\n\t(No symbol) [0x00007FF664D5F584]\n\t(No symbol) [0x00007FF664D3F113]\n\t(No symbol) [0x00007FF664D0A918]\n\t(No symbol) [0x00007FF664D0BA81]\n\tGetHandleVerifier [0x00007FF6651F6A2D+3379789]\n\tGetHandleVerifier [0x00007FF66520C32D+3468109]\n\tGetHandleVerifier [0x00007FF665200043+3418211]\n\tGetHandleVerifier [0x00007FF664F8C78B+847787]\n\t(No symbol) [0x00007FF664E3757F]\n\t(No symbol) [0x00007FF664E32FC4]\n\t(No symbol) [0x00007FF664E3315D]\n\t(No symbol) [0x00007FF664E22979]\n\tBaseThreadInitThunk [0x00007FFE21F9E8D7+23]\n\tRtlUserThreadStart [0x00007FFE2407FBCC+44]\n\n", "trace": "  File \"C:\\Users\\syedt\\AppData\\Local\\Programs\\Python\\Python313\\Lib\\site-packages\\behave\\model.py\", line 1329, in run\n    match.run(runner.context)\n    ~~~~~~~~~^^^^^^^^^^^^^^^^\n  File \"C:\\Users\\syedt\\AppData\\Local\\Programs\\Python\\Python313\\Lib\\site-packages\\behave\\matchers.py\", line 98, in run\n    self.func(context, *args, **kwargs)\n    ~~~~~~~~~^^^^^^^^^^^^^^^^^^^^^^^^^^\n  File \"steps\\AdminLogin_Steps.py\", line 32, in step_impl\n    context.driver.find_element(By.XPATH, LOGIN_SCREEN_USERNAME_XPATH).send_keys(\"Invalid_Username\")\n    ~~~~~~~~~~~~~~~~~~~~~~~~~~~^^^^^^^^^^^^^^^^^^^^^^^^^^^^^^^^^^^^^^^\n  File \"C:\\Users\\syedt\\AppData\\Local\\Programs\\Python\\Python313\\Lib\\site-packages\\selenium\\webdriver\\remote\\webdriver.py\", line 770, in find_element\n    return self.execute(Command.FIND_ELEMENT, {\"using\": by, \"value\": value})[\"value\"]\n           ~~~~~~~~~~~~^^^^^^^^^^^^^^^^^^^^^^^^^^^^^^^^^^^^^^^^^^^^^^^^^^^^^\n  File \"C:\\Users\\syedt\\AppData\\Local\\Programs\\Python\\Python313\\Lib\\site-packages\\selenium\\webdriver\\remote\\webdriver.py\", line 384, in execute\n    self.error_handler.check_response(response)\n    ~~~~~~~~~~~~~~~~~~~~~~~~~~~~~~~~~^^^^^^^^^^\n  File \"C:\\Users\\syedt\\AppData\\Local\\Programs\\Python\\Python313\\Lib\\site-packages\\selenium\\webdriver\\remote\\errorhandler.py\", line 232, in check_response\n    raise exception_class(message, screen, stacktrace)\n"}, "start": 1737249271406, "stop": 1737249281487}, {"name": "When Click on the signin button", "status": "skipped", "start": 1737249281667, "stop": 1737249281667}, {"name": "Then Verify \"Invalid username or password\" is displayed", "status": "skipped", "start": 1737249281667, "stop": 1737249281667}], "attachments": [{"name": "Login with an invalid username and password (Fail)", "source": "910980c7-e304-4113-ac6d-186daa1e6510-attachment.png", "type": "image/png"}], "start": 1737249267878, "stop": 1737249281667, "uuid": "fa8dbe5c-31e2-4ac5-a5db-ca5902aee895", "historyId": "3977cc0d9f78cd2453affa5d888b6c2b", "fullName": "Verifying TNA Login Page Functionality: Login with an invalid username and password", "labels": [{"name": "severity", "value": "normal"}, {"name": "tag", "value": "Negative"}, {"name": "feature", "value": "Verifying TNA Login Page Functionality"}, {"name": "framework", "value": "behave"}, {"name": "language", "value": "cpython3"}]}