{"name": "Create a New Platform Admin", "status": "broken", "statusDetails": {"message": "selenium.common.exceptions.NoSuchElementException: Message: no such element: Unable to locate element: {\"method\":\"xpath\",\"selector\":\"//div[contains(text(),'Platform Admin')]\"}\n  (Session info: chrome=131.0.6778.205); For documentation on this error, please visit: https://www.selenium.dev/documentation/webdriver/troubleshooting/errors#no-such-element-exception\nStacktrace:\n\tGetHandleVerifier [0x00007FF7723480D5+2992373]\n\t(No symbol) [0x00007FF771FDBFD0]\n\t(No symbol) [0x00007FF771E7590A]\n\t(No symbol) [0x00007FF771EC926E]\n\t(No symbol) [0x00007FF771EC955C]\n\t(No symbol) [0x00007FF771F127D7]\n\t(No symbol) [0x00007FF771EEF3AF]\n\t(No symbol) [0x00007FF771F0F584]\n\t(No symbol) [0x00007FF771EEF113]\n\t(No symbol) [0x00007FF771EBA918]\n\t(No symbol) [0x00007FF771EBBA81]\n\tGetHandleVerifier [0x00007FF7723A6A2D+3379789]\n\tGetHandleVerifier [0x00007FF7723BC32D+3468109]\n\tGetHandleVerifier [0x00007FF7723B0043+3418211]\n\tGetHandleVerifier [0x00007FF77213C78B+847787]\n\t(No symbol) [0x00007FF771FE757F]\n\t(No symbol) [0x00007FF771FE2FC4]\n\t(No symbol) [0x00007FF771FE315D]\n\t(No symbol) [0x00007FF771FD2979]\n\tBaseThreadInitThunk [0x00007FF9B25FE8D7+23]\n\tRtlUserThreadStart [0x00007FF9B34DFBCC+44]\n\n", "trace": "  File \"C:\\Users\\syedt\\AppData\\Local\\Programs\\Python\\Python313\\Lib\\site-packages\\behave\\model.py\", line 1329, in run\n    match.run(runner.context)\n    ~~~~~~~~~^^^^^^^^^^^^^^^^\n  File \"C:\\Users\\syedt\\AppData\\Local\\Programs\\Python\\Python313\\Lib\\site-packages\\behave\\matchers.py\", line 98, in run\n    self.func(context, *args, **kwargs)\n    ~~~~~~~~~^^^^^^^^^^^^^^^^^^^^^^^^^^\n  File \"steps\\PlatformAdminCreation_Steps.py\", line 76, in step_impl\n    element = context.driver.find_element(By.XPATH, \"//div[contains(text(),'Platform Admin')]\")\n  File \"C:\\Users\\syedt\\AppData\\Local\\Programs\\Python\\Python313\\Lib\\site-packages\\selenium\\webdriver\\remote\\webdriver.py\", line 770, in find_element\n    return self.execute(Command.FIND_ELEMENT, {\"using\": by, \"value\": value})[\"value\"]\n           ~~~~~~~~~~~~^^^^^^^^^^^^^^^^^^^^^^^^^^^^^^^^^^^^^^^^^^^^^^^^^^^^^\n  File \"C:\\Users\\syedt\\AppData\\Local\\Programs\\Python\\Python313\\Lib\\site-packages\\selenium\\webdriver\\remote\\webdriver.py\", line 384, in execute\n    self.error_handler.check_response(response)\n    ~~~~~~~~~~~~~~~~~~~~~~~~~~~~~~~~~^^^^^^^^^^\n  File \"C:\\Users\\syedt\\AppData\\Local\\Programs\\Python\\Python313\\Lib\\site-packages\\selenium\\webdriver\\remote\\errorhandler.py\", line 232, in check_response\n    raise exception_class(message, screen, stacktrace)\n"}, "steps": [{"name": "Given I log in to the TNA application as an admin and click on the \"Create New User\" button", "status": "passed", "start": 1736996060280, "stop": 1736996065719}, {"name": "When I enter valid information such as username, email, password, confirm password, and click on the save button", "status": "passed", "start": 1736996065720, "stop": 1736996066298}, {"name": "Then I should see a confirmation message \"User created successfully\"", "status": "passed", "start": 1736996066298, "stop": 1736996069904}, {"name": "And I log out of the system", "status": "passed", "start": 1736996069904, "stop": 1736996074087}, {"name": "When I log in with the new platform admin credentials", "status": "passed", "start": 1736996074087, "stop": 1736996077413}, {"name": "Then I should be able to access the application as a platform admin", "status": "broken", "statusDetails": {"message": "selenium.common.exceptions.NoSuchElementException: Message: no such element: Unable to locate element: {\"method\":\"xpath\",\"selector\":\"//div[contains(text(),'Platform Admin')]\"}\n  (Session info: chrome=131.0.6778.205); For documentation on this error, please visit: https://www.selenium.dev/documentation/webdriver/troubleshooting/errors#no-such-element-exception\nStacktrace:\n\tGetHandleVerifier [0x00007FF7723480D5+2992373]\n\t(No symbol) [0x00007FF771FDBFD0]\n\t(No symbol) [0x00007FF771E7590A]\n\t(No symbol) [0x00007FF771EC926E]\n\t(No symbol) [0x00007FF771EC955C]\n\t(No symbol) [0x00007FF771F127D7]\n\t(No symbol) [0x00007FF771EEF3AF]\n\t(No symbol) [0x00007FF771F0F584]\n\t(No symbol) [0x00007FF771EEF113]\n\t(No symbol) [0x00007FF771EBA918]\n\t(No symbol) [0x00007FF771EBBA81]\n\tGetHandleVerifier [0x00007FF7723A6A2D+3379789]\n\tGetHandleVerifier [0x00007FF7723BC32D+3468109]\n\tGetHandleVerifier [0x00007FF7723B0043+3418211]\n\tGetHandleVerifier [0x00007FF77213C78B+847787]\n\t(No symbol) [0x00007FF771FE757F]\n\t(No symbol) [0x00007FF771FE2FC4]\n\t(No symbol) [0x00007FF771FE315D]\n\t(No symbol) [0x00007FF771FD2979]\n\tBaseThreadInitThunk [0x00007FF9B25FE8D7+23]\n\tRtlUserThreadStart [0x00007FF9B34DFBCC+44]\n\n", "trace": "  File \"C:\\Users\\syedt\\AppData\\Local\\Programs\\Python\\Python313\\Lib\\site-packages\\behave\\model.py\", line 1329, in run\n    match.run(runner.context)\n    ~~~~~~~~~^^^^^^^^^^^^^^^^\n  File \"C:\\Users\\syedt\\AppData\\Local\\Programs\\Python\\Python313\\Lib\\site-packages\\behave\\matchers.py\", line 98, in run\n    self.func(context, *args, **kwargs)\n    ~~~~~~~~~^^^^^^^^^^^^^^^^^^^^^^^^^^\n  File \"steps\\PlatformAdminCreation_Steps.py\", line 76, in step_impl\n    element = context.driver.find_element(By.XPATH, \"//div[contains(text(),'Platform Admin')]\")\n  File \"C:\\Users\\syedt\\AppData\\Local\\Programs\\Python\\Python313\\Lib\\site-packages\\selenium\\webdriver\\remote\\webdriver.py\", line 770, in find_element\n    return self.execute(Command.FIND_ELEMENT, {\"using\": by, \"value\": value})[\"value\"]\n           ~~~~~~~~~~~~^^^^^^^^^^^^^^^^^^^^^^^^^^^^^^^^^^^^^^^^^^^^^^^^^^^^^\n  File \"C:\\Users\\syedt\\AppData\\Local\\Programs\\Python\\Python313\\Lib\\site-packages\\selenium\\webdriver\\remote\\webdriver.py\", line 384, in execute\n    self.error_handler.check_response(response)\n    ~~~~~~~~~~~~~~~~~~~~~~~~~~~~~~~~~^^^^^^^^^^\n  File \"C:\\Users\\syedt\\AppData\\Local\\Programs\\Python\\Python313\\Lib\\site-packages\\selenium\\webdriver\\remote\\errorhandler.py\", line 232, in check_response\n    raise exception_class(message, screen, stacktrace)\n"}, "start": 1736996077413, "stop": 1736996077425}], "attachments": [{"name": "Create a New Platform Admin (Fail)", "source": "f577dc6c-7087-4062-b597-2dd0351cad3f-attachment.png", "type": "image/png"}], "start": 1736996060280, "stop": 1736996077534, "uuid": "838de5e6-fadc-42fa-888c-b5f2d3b928fd", "historyId": "0c093b10087d5d2502628f5089717e88", "fullName": "Platform Admin Management: Create a New Platform Admin", "labels": [{"name": "severity", "value": "normal"}, {"name": "tag", "value": "Positive"}, {"name": "feature", "value": "Platform Admin Management"}, {"name": "framework", "value": "behave"}, {"name": "language", "value": "cpython3"}]}