{"uid":"11c467b702903d0a","name":"Handling Empty Input Fields","fullName":"Platform Admin Management: Handling Empty Input Fields","historyId":"869b542fe11816737205178b317a99b0","time":{"start":1735898638994,"stop":1735898657406,"duration":18412},"status":"broken","statusMessage":"selenium.common.exceptions.TimeoutException: Message: \nStacktrace:\n\tGetHandleVerifier [0x00007FF70A37FB05+28789]\n\t(No symbol) [0x00007FF70A2E86E0]\n\t(No symbol) [0x00007FF70A18592A]\n\t(No symbol) [0x00007FF70A1D930E]\n\t(No symbol) [0x00007FF70A1D95FC]\n\t(No symbol) [0x00007FF70A2228A7]\n\t(No symbol) [0x00007FF70A1FF47F]\n\t(No symbol) [0x00007FF70A21F654]\n\t(No symbol) [0x00007FF70A1FF1E3]\n\t(No symbol) [0x00007FF70A1CA938]\n\t(No symbol) [0x00007FF70A1CBAA1]\n\tGetHandleVerifier [0x00007FF70A6B933D+3410093]\n\tGetHandleVerifier [0x00007FF70A6CE7DD+3497293]\n\tGetHandleVerifier [0x00007FF70A6C2A73+3448803]\n\tGetHandleVerifier [0x00007FF70A447BBB+848171]\n\t(No symbol) [0x00007FF70A2F3C3F]\n\t(No symbol) [0x00007FF70A2EF6E4]\n\t(No symbol) [0x00007FF70A2EF87D]\n\t(No symbol) [0x00007FF70A2DED49]\n\tBaseThreadInitThunk [0x00007FF9B25FE8D7+23]\n\tRtlUserThreadStart [0x00007FF9B34DFBCC+44]\n\n","statusTrace":"  File \"C:\\Users\\syedt\\AppData\\Local\\Programs\\Python\\Python313\\Lib\\site-packages\\behave\\model.py\", line 1329, in run\n    match.run(runner.context)\n    ~~~~~~~~~^^^^^^^^^^^^^^^^\n  File \"C:\\Users\\syedt\\AppData\\Local\\Programs\\Python\\Python313\\Lib\\site-packages\\behave\\matchers.py\", line 98, in run\n    self.func(context, *args, **kwargs)\n    ~~~~~~~~~^^^^^^^^^^^^^^^^^^^^^^^^^^\n  File \"steps\\PlatformAdminCreation_Steps.py\", line 29, in step_impl\n    wait.until(EC.presence_of_element_located((By.XPATH, \"//button[@label='Create New User']\"))).click()\n    ~~~~~~~~~~^^^^^^^^^^^^^^^^^^^^^^^^^^^^^^^^^^^^^^^^^^^^^^^^^^^^^^^^^^^^^^^^^^^^^^^^^^^^^^^^^^\n  File \"C:\\Users\\syedt\\AppData\\Local\\Programs\\Python\\Python313\\Lib\\site-packages\\selenium\\webdriver\\support\\wait.py\", line 105, in until\n    raise TimeoutException(message, screen, stacktrace)\n","flaky":false,"newFailed":false,"newBroken":false,"newPassed":false,"retriesCount":0,"retriesStatusChange":false,"beforeStages":[],"testStage":{"status":"broken","statusMessage":"selenium.common.exceptions.TimeoutException: Message: \nStacktrace:\n\tGetHandleVerifier [0x00007FF70A37FB05+28789]\n\t(No symbol) [0x00007FF70A2E86E0]\n\t(No symbol) [0x00007FF70A18592A]\n\t(No symbol) [0x00007FF70A1D930E]\n\t(No symbol) [0x00007FF70A1D95FC]\n\t(No symbol) [0x00007FF70A2228A7]\n\t(No symbol) [0x00007FF70A1FF47F]\n\t(No symbol) [0x00007FF70A21F654]\n\t(No symbol) [0x00007FF70A1FF1E3]\n\t(No symbol) [0x00007FF70A1CA938]\n\t(No symbol) [0x00007FF70A1CBAA1]\n\tGetHandleVerifier [0x00007FF70A6B933D+3410093]\n\tGetHandleVerifier [0x00007FF70A6CE7DD+3497293]\n\tGetHandleVerifier [0x00007FF70A6C2A73+3448803]\n\tGetHandleVerifier [0x00007FF70A447BBB+848171]\n\t(No symbol) [0x00007FF70A2F3C3F]\n\t(No symbol) [0x00007FF70A2EF6E4]\n\t(No symbol) [0x00007FF70A2EF87D]\n\t(No symbol) [0x00007FF70A2DED49]\n\tBaseThreadInitThunk [0x00007FF9B25FE8D7+23]\n\tRtlUserThreadStart [0x00007FF9B34DFBCC+44]\n\n","statusTrace":"  File \"C:\\Users\\syedt\\AppData\\Local\\Programs\\Python\\Python313\\Lib\\site-packages\\behave\\model.py\", line 1329, in run\n    match.run(runner.context)\n    ~~~~~~~~~^^^^^^^^^^^^^^^^\n  File \"C:\\Users\\syedt\\AppData\\Local\\Programs\\Python\\Python313\\Lib\\site-packages\\behave\\matchers.py\", line 98, in run\n    self.func(context, *args, **kwargs)\n    ~~~~~~~~~^^^^^^^^^^^^^^^^^^^^^^^^^^\n  File \"steps\\PlatformAdminCreation_Steps.py\", line 29, in step_impl\n    wait.until(EC.presence_of_element_located((By.XPATH, \"//button[@label='Create New User']\"))).click()\n    ~~~~~~~~~~^^^^^^^^^^^^^^^^^^^^^^^^^^^^^^^^^^^^^^^^^^^^^^^^^^^^^^^^^^^^^^^^^^^^^^^^^^^^^^^^^^\n  File \"C:\\Users\\syedt\\AppData\\Local\\Programs\\Python\\Python313\\Lib\\site-packages\\selenium\\webdriver\\support\\wait.py\", line 105, in until\n    raise TimeoutException(message, screen, stacktrace)\n","steps":[{"name":"Given I log in to the TNA application as an admin and click on the \"Create New User\" button","time":{"start":1735898638994,"stop":1735898654901,"duration":15907},"status":"broken","statusMessage":"selenium.common.exceptions.TimeoutException: Message: \nStacktrace:\n\tGetHandleVerifier [0x00007FF70A37FB05+28789]\n\t(No symbol) [0x00007FF70A2E86E0]\n\t(No symbol) [0x00007FF70A18592A]\n\t(No symbol) [0x00007FF70A1D930E]\n\t(No symbol) [0x00007FF70A1D95FC]\n\t(No symbol) [0x00007FF70A2228A7]\n\t(No symbol) [0x00007FF70A1FF47F]\n\t(No symbol) [0x00007FF70A21F654]\n\t(No symbol) [0x00007FF70A1FF1E3]\n\t(No symbol) [0x00007FF70A1CA938]\n\t(No symbol) [0x00007FF70A1CBAA1]\n\tGetHandleVerifier [0x00007FF70A6B933D+3410093]\n\tGetHandleVerifier [0x00007FF70A6CE7DD+3497293]\n\tGetHandleVerifier [0x00007FF70A6C2A73+3448803]\n\tGetHandleVerifier [0x00007FF70A447BBB+848171]\n\t(No symbol) [0x00007FF70A2F3C3F]\n\t(No symbol) [0x00007FF70A2EF6E4]\n\t(No symbol) [0x00007FF70A2EF87D]\n\t(No symbol) [0x00007FF70A2DED49]\n\tBaseThreadInitThunk [0x00007FF9B25FE8D7+23]\n\tRtlUserThreadStart [0x00007FF9B34DFBCC+44]\n\n","statusTrace":"  File \"C:\\Users\\syedt\\AppData\\Local\\Programs\\Python\\Python313\\Lib\\site-packages\\behave\\model.py\", line 1329, in run\n    match.run(runner.context)\n    ~~~~~~~~~^^^^^^^^^^^^^^^^\n  File \"C:\\Users\\syedt\\AppData\\Local\\Programs\\Python\\Python313\\Lib\\site-packages\\behave\\matchers.py\", line 98, in run\n    self.func(context, *args, **kwargs)\n    ~~~~~~~~~^^^^^^^^^^^^^^^^^^^^^^^^^^\n  File \"steps\\PlatformAdminCreation_Steps.py\", line 29, in step_impl\n    wait.until(EC.presence_of_element_located((By.XPATH, \"//button[@label='Create New User']\"))).click()\n    ~~~~~~~~~~^^^^^^^^^^^^^^^^^^^^^^^^^^^^^^^^^^^^^^^^^^^^^^^^^^^^^^^^^^^^^^^^^^^^^^^^^^^^^^^^^^\n  File \"C:\\Users\\syedt\\AppData\\Local\\Programs\\Python\\Python313\\Lib\\site-packages\\selenium\\webdriver\\support\\wait.py\", line 105, in until\n    raise TimeoutException(message, screen, stacktrace)\n","steps":[],"attachments":[],"parameters":[],"shouldDisplayMessage":true,"attachmentsCount":0,"stepsCount":0,"attachmentStep":false,"hasContent":true},{"name":"When I leave all required fields blank and click on the save button","time":{"start":1735898657406,"stop":1735898657406,"duration":0},"status":"skipped","steps":[],"attachments":[],"parameters":[],"shouldDisplayMessage":false,"attachmentsCount":0,"stepsCount":0,"attachmentStep":false,"hasContent":false},{"name":"Then appropriate error messages should be displayed for each required field","time":{"start":1735898657406,"stop":1735898657406,"duration":0},"status":"skipped","steps":[],"attachments":[],"parameters":[],"shouldDisplayMessage":false,"attachmentsCount":0,"stepsCount":0,"attachmentStep":false,"hasContent":false}],"attachments":[{"uid":"a697fd4101f80d7f","name":"Handling Empty Input Fields (Fail)","source":"a697fd4101f80d7f.png","type":"image/png","size":90425}],"parameters":[],"shouldDisplayMessage":false,"attachmentsCount":1,"stepsCount":3,"attachmentStep":false,"hasContent":true},"afterStages":[],"labels":[{"name":"severity","value":"normal"},{"name":"tag","value":"Negative"},{"name":"tag","value":"order_2"},{"name":"feature","value":"Platform Admin Management"},{"name":"framework","value":"behave"},{"name":"language","value":"cpython3"},{"name":"resultFormat","value":"allure2"}],"parameters":[],"links":[],"hidden":true,"retry":true,"extra":{"categories":[],"tags":["Negative","order_2"]},"source":"11c467b702903d0a.json","parameterValues":[]}